%!Adobe-FontList 1.13
%Locale:0x409

%BeginFont
Handler:DirectoryHandler
FontType:TrueType
FontName:Lato-Black
FamilyName:Lato
StyleName:Black
FullName:Lato Black
MenuName:Lato Black
StyleBits:0
WritingScript:Roman
OutlineFileName:E:\OFFICE\fontend task\Font\Lato-Black.ttf
DataFormat:sfntData
FileLength:114588
FileModTime:1423594154
WeightClass:900
WidthClass:5
AngleClass:0
%EndFont

%BeginFont
Handler:DirectoryHandler
FontType:TrueType
FontName:Lato-BlackItalic
FamilyName:Lato
StyleName:Black Italic
FullName:Lato Black Italic
MenuName:Lato Black
StyleBits:1
WritingScript:Roman
OutlineFileName:E:\OFFICE\fontend task\Font\Lato-BlackItalic.ttf
DataFormat:sfntData
FileLength:111616
FileModTime:1423594154
WeightClass:900
WidthClass:5
AngleClass:1
%EndFont

%BeginFont
Handler:DirectoryHandler
FontType:TrueType
FontName:Lato-Bold
FamilyName:Lato
StyleName:Bold
FullName:Lato Bold
MenuName:Lato
StyleBits:2
WritingScript:Roman
OutlineFileName:E:\OFFICE\fontend task\Font\Lato-Bold.ttf
DataFormat:sfntData
FileLength:121788
FileModTime:1423594154
WeightClass:700
WidthClass:5
AngleClass:0
%EndFont

%BeginFont
Handler:DirectoryHandler
FontType:TrueType
FontName:Lato-BoldItalic
FamilyName:Lato
StyleName:Bold Italic
FullName:Lato Bold Italic
MenuName:Lato
StyleBits:3
WritingScript:Roman
OutlineFileName:E:\OFFICE\fontend task\Font\Lato-BoldItalic.ttf
DataFormat:sfntData
FileLength:120312
FileModTime:1423594154
WeightClass:700
WidthClass:5
AngleClass:1
%EndFont

%BeginFont
Handler:DirectoryHandler
FontType:TrueType
FontName:Lato-Hairline
FamilyName:Lato
StyleName:Hairline
FullName:Lato-Hairline
MenuName:Lato Hairline
StyleBits:0
WritingScript:Roman
OutlineFileName:E:\OFFICE\fontend task\Font\Lato-Hairline.ttf
DataFormat:sfntData
FileLength:115316
FileModTime:1423594154
WeightClass:250
WidthClass:5
AngleClass:0
%EndFont

%BeginFont
Handler:DirectoryHandler
FontType:TrueType
FontName:Lato-HairlineItalic
FamilyName:Lato
StyleName:Hairline Italic
FullName:Lato-HairlineItalic
MenuName:Lato Hairline
StyleBits:1
WritingScript:Roman
OutlineFileName:E:\OFFICE\fontend task\Font\Lato-HairlineItalic.ttf
DataFormat:sfntData
FileLength:91460
FileModTime:1423594154
WeightClass:250
WidthClass:5
AngleClass:1
%EndFont

%BeginFont
Handler:DirectoryHandler
FontType:TrueType
FontName:Lato-Italic
FamilyName:Lato
StyleName:Italic
FullName:Lato Italic
MenuName:Lato
StyleBits:1
WritingScript:Roman
OutlineFileName:E:\OFFICE\fontend task\Font\Lato-Italic.ttf
DataFormat:sfntData
FileLength:118352
FileModTime:1423594154
WeightClass:400
WidthClass:5
AngleClass:1
%EndFont

%BeginFont
Handler:DirectoryHandler
FontType:TrueType
FontName:Lato-Light
FamilyName:Lato
StyleName:Light
FullName:Lato-Light
MenuName:Lato Light
StyleBits:0
WritingScript:Roman
OutlineFileName:E:\OFFICE\fontend task\Font\Lato-Light.ttf
DataFormat:sfntData
FileLength:122524
FileModTime:1423594154
WeightClass:300
WidthClass:5
AngleClass:0
%EndFont

%BeginFont
Handler:DirectoryHandler
FontType:TrueType
FontName:Lato-LightItalic
FamilyName:Lato
StyleName:Light Italic
FullName:Lato-LightItalic
MenuName:Lato Light
StyleBits:1
WritingScript:Roman
OutlineFileName:E:\OFFICE\fontend task\Font\Lato-LightItalic.ttf
DataFormat:sfntData
FileLength:91600
FileModTime:1423594154
WeightClass:300
WidthClass:5
AngleClass:1
%EndFont

%BeginFont
Handler:DirectoryHandler
FontType:TrueType
FontName:Lato-Regular
FamilyName:Lato
StyleName:Regular
FullName:Lato Regular
MenuName:Lato
StyleBits:0
WritingScript:Roman
OutlineFileName:E:\OFFICE\fontend task\Font\Lato-Regular.ttf
DataFormat:sfntData
FileLength:120196
FileModTime:1423594154
WeightClass:400
WidthClass:5
AngleClass:0
%EndFont

%BeginFont
Handler:DirectoryHandler
FontType:Invalid
OutlineFileName:E:\OFFICE\fontend task\Font\LICENSE.txt
FileModTime:1423593240
%EndFont

%BeginFont
Handler:DirectoryHandler
FontType:Invalid
OutlineFileName:E:\OFFICE\fontend task\Font\OFL.txt
FileModTime:1423594154
%EndFont

%BeginFont
Handler:DirectoryHandler
FontType:TrueType
FontName:OpenSans-Bold
FamilyName:Open Sans
StyleName:Bold
FullName:Open Sans Bold
MenuName:Open Sans
StyleBits:2
WritingScript:Roman
OutlineFileName:E:\OFFICE\fontend task\Font\OpenSans-Bold.ttf
DataFormat:sfntData
FileLength:224592
FileModTime:1423593240
WeightClass:700
WidthClass:5
AngleClass:0
%EndFont

%BeginFont
Handler:DirectoryHandler
FontType:TrueType
FontName:OpenSans-BoldItalic
FamilyName:Open Sans
StyleName:Bold Italic
FullName:Open Sans Bold Italic
MenuName:Open Sans
StyleBits:3
WritingScript:Roman
OutlineFileName:E:\OFFICE\fontend task\Font\OpenSans-BoldItalic.ttf
DataFormat:sfntData
FileLength:213292
FileModTime:1423593240
WeightClass:700
WidthClass:5
AngleClass:1
%EndFont

%BeginFont
Handler:DirectoryHandler
FontType:TrueType
FontName:OpenSans-Extrabold
FamilyName:Open Sans
StyleName:Extrabold
FullName:Open Sans Extrabold
MenuName:Open Sans Extrabold
StyleBits:0
WritingScript:Roman
OutlineFileName:E:\OFFICE\fontend task\Font\OpenSans-ExtraBold.ttf
DataFormat:sfntData
FileLength:222584
FileModTime:1423593240
WeightClass:800
WidthClass:5
AngleClass:0
%EndFont

%BeginFont
Handler:DirectoryHandler
FontType:TrueType
FontName:OpenSans-ExtraboldItalic
FamilyName:Open Sans
StyleName:Extrabold Italic
FullName:Open Sans Extrabold Italic
MenuName:Open Sans Extrabold
StyleBits:1
WritingScript:Roman
OutlineFileName:E:\OFFICE\fontend task\Font\OpenSans-ExtraBoldItalic.ttf
DataFormat:sfntData
FileLength:213420
FileModTime:1423593240
WeightClass:800
WidthClass:5
AngleClass:1
%EndFont

%BeginFont
Handler:DirectoryHandler
FontType:TrueType
FontName:OpenSans-Italic
FamilyName:Open Sans
StyleName:Italic
FullName:Open Sans Italic
MenuName:Open Sans
StyleBits:1
WritingScript:Roman
OutlineFileName:E:\OFFICE\fontend task\Font\OpenSans-Italic.ttf
DataFormat:sfntData
FileLength:212896
FileModTime:1423593240
WeightClass:400
WidthClass:5
AngleClass:1
%EndFont

%BeginFont
Handler:DirectoryHandler
FontType:TrueType
FontName:OpenSans-Light
FamilyName:Open Sans
StyleName:Light
FullName:Open Sans Light
MenuName:Open Sans Light
StyleBits:0
WritingScript:Roman
OutlineFileName:E:\OFFICE\fontend task\Font\OpenSans-Light.ttf
DataFormat:sfntData
FileLength:222412
FileModTime:1423593240
WeightClass:300
WidthClass:5
AngleClass:0
%EndFont

%BeginFont
Handler:DirectoryHandler
FontType:TrueType
FontName:OpenSansLight-Italic
FamilyName:Open Sans
StyleName:Light Italic
FullName:Open Sans Light Italic
MenuName:Open Sans Light
StyleBits:1
WritingScript:Roman
OutlineFileName:E:\OFFICE\fontend task\Font\OpenSans-LightItalic.ttf
DataFormat:sfntData
FileLength:213128
FileModTime:1423593240
WeightClass:300
WidthClass:5
AngleClass:1
%EndFont

%BeginFont
Handler:DirectoryHandler
FontType:TrueType
FontName:OpenSans
FamilyName:Open Sans
StyleName:Regular
FullName:Open Sans
MenuName:Open Sans
StyleBits:0
WritingScript:Roman
OutlineFileName:E:\OFFICE\fontend task\Font\OpenSans-Regular.ttf
DataFormat:sfntData
FileLength:217360
FileModTime:1423593240
WeightClass:400
WidthClass:5
AngleClass:0
%EndFont

%BeginFont
Handler:DirectoryHandler
FontType:TrueType
FontName:OpenSans-Semibold
FamilyName:Open Sans
StyleName:Semibold
FullName:Open Sans Semibold
MenuName:Open Sans Semibold
StyleBits:0
WritingScript:Roman
OutlineFileName:E:\OFFICE\fontend task\Font\OpenSans-Semibold.ttf
DataFormat:sfntData
FileLength:221328
FileModTime:1423593240
WeightClass:600
WidthClass:5
AngleClass:0
%EndFont

%BeginFont
Handler:DirectoryHandler
FontType:TrueType
FontName:OpenSans-SemiboldItalic
FamilyName:Open Sans
StyleName:Semibold Italic
FullName:Open Sans Semibold Italic
MenuName:Open Sans Semibold
StyleBits:1
WritingScript:Roman
OutlineFileName:E:\OFFICE\fontend task\Font\OpenSans-SemiboldItalic.ttf
DataFormat:sfntData
FileLength:212820
FileModTime:1423593240
WeightClass:600
WidthClass:5
AngleClass:1
%EndFont

